<?xml version="1.0" encoding="UTF-8"?>
<!-- Generated by org.testng.reporters.JUnitXMLReporter -->
<testsuite ignored="0" hostname="Nikitas-MacBook-Pro.local" failures="0" tests="4" name="TestName" time="131.25" errors="0" timestamp="09 сент. 2021 08:55:11 GMT">
  <testcase classname="MainTest" name="start" time="16.331"/>
  <testcase classname="MainTest" name="start" time="15.049"/>
  <testcase classname="MainTest" name="start" time="14.171"/>
  <testcase classname="MainTest" name="start" time="13.447"/>
</testsuite> <!-- TestName -->
