<?xml version="1.0" encoding="UTF-8"?>
<testsuite xmlns:xsi="http://www.w3.org/2001/XMLSchema-instance" xsi:noNamespaceSchemaLocation="https://maven.apache.org/surefire/maven-surefire-plugin/xsd/surefire-test-report-3.0.xsd" version="3.0" name="TestSuite" time="133.394" tests="4" errors="0" skipped="0" failures="0">
  <properties>
[...]
</properties>
  <testcase name="start[UtilNoteBook{name=&apos;ASUS&apos;, min=32190, max=74120}, 90000](1)" classname="MainTest" time="16.342">
    <system-out><![CDATA[UtilNoteBook{name='ASUS', min=32190, max=74120}
UtilNoteBook{name='Lenovo', min=12500, max=87330}
UtilNoteBook{name='DELL', min=32190, max=85490}
UtilNoteBook{name='HONOR', min=32190, max=95490}
]]></system-out>
    <system-err><![CDATA[[main] INFO com.codeborne.selenide.impl.WebDriverThreadLocalContainer - No webdriver is bound to current thread: 1 - let's create a new webdriver
[main] INFO com.codeborne.selenide.impl.FileHelper - Creating folder: /Users/khomenko/IdeaProjects/autoTest/build/downloads/1631177580787_3370_1
[main] INFO io.github.bonigarcia.wdm.WebDriverManager - Using chromedriver 93.0.4577.15 (since Chrome 93 is installed in your machine)
[main] INFO io.github.bonigarcia.wdm.WebDriverManager - Exporting webdriver.chrome.driver as /Users/khomenko/.m2/repository/webdriver/chromedriver/mac64/93.0.4577.15/chromedriver
[main] INFO com.codeborne.selenide.webdriver.AbstractDriverFactory - Write webdriver logs to: /Users/khomenko/IdeaProjects/autoTest/build/reports/tests/webdriver.1631177581797_3370_1.log
Starting ChromeDriver 93.0.4577.15 (660fc11082ba57405eca2e8c49c3e1af756fbfae-refs/branch-heads/4577@{#203}) on port 46115
Only local connections are allowed.
Please see https://chromedriver.chromium.org/security-considerations for suggestions on keeping ChromeDriver safe.
ChromeDriver was started successfully.
сент. 09, 2021 12:53:04 PM org.openqa.selenium.remote.ProtocolHandshake createSession
INFO: Detected dialect: W3C
[main] INFO com.codeborne.selenide.webdriver.BrowserResizer - Set browser size to 1366x768
[main] INFO com.codeborne.selenide.webdriver.WebDriverFactory - BrowserName=chrome Version=93.0.4577.63 Platform=MAC
[main] INFO com.codeborne.selenide.webdriver.WebDriverFactory - Selenide v. 5.14.0
[main] INFO com.codeborne.selenide.webdriver.WebDriverFactory - Selenium WebDriver v. 3.141.59 build time: 2018-11-14T08:17:03
[main] INFO com.codeborne.selenide.drivercommands.CreateDriverCommand - Create webdriver in current thread 1: ChromeDriver -> ChromeDriver: chrome on MAC (d36eb935ea489cae4101bcad5b13c87c)
]]></system-err>
  </testcase>
  <testcase name="start[UtilNoteBook{name=&apos;Lenovo&apos;, min=12500, max=87330}, 90000](2)" classname="MainTest" time="15.116"/>
  <testcase name="start[UtilNoteBook{name=&apos;DELL&apos;, min=32190, max=85490}, 90000](3)" classname="MainTest" time="14.169"/>
  <testcase name="start[UtilNoteBook{name=&apos;HONOR&apos;, min=32190, max=95490}, 90000](4)" classname="MainTest" time="13.282"/>
</testsuite>